IQ-TREE multicore version 2.2.0.3 COVID-edition for Linux 64-bit built Aug  2 2022
Developed by Bui Quang Minh, James Barbetti, Nguyen Lam Tung,
Olga Chernomor, Heiko Schmidt, Dominik Schrempf, Michael Woodhams, Ly Trong Nhan.

Host:    icipe-HP-Z220-SFF-Workstation (AVX, 3 GB RAM)
Command: iqtree2 -nt 1 -s new_alignment-delim.fasta -m GTR -ninit 2 -n 2 -me 0.05 -ninit 2 -n 2 -me 0.05
Seed:    750097 (Using SPRNG - Scalable Parallel Random Number Generator)
Time:    Tue Aug 23 15:14:04 2022
Kernel:  AVX - 1 threads (4 CPU cores detected)

HINT: Use -nt option to specify number of threads because your CPU has 4 cores!
HINT: -nt AUTO will automatically determine the best number of threads to use.

Reading alignment file new_alignment-delim.fasta ... Fasta format detected
Reading fasta file: done in 0.045412 secs using 83.6% CPU
Alignment most likely contains DNA/RNA sequences
Constructing alignment: done in 0.0291079 secs using 90.6% CPU
Alignment has 156 sequences with 11029 columns, 4286 distinct patterns
4329 parsimony-informative, 501 singleton sites, 6199 constant sites
                                                                               Gap/Ambiguity  Composition  p-value
Analyzing sequences: done in 0.00355116 secs using 99.46% CPU
   1  NC_009942.1                                                                      0.00%    passed     84.53%
   2  KC407667.1                                                                       0.00%    passed     83.98%
   3  MN849176.1                                                                       2.21%    passed     83.22%
   4  GQ379160.1                                                                       0.01%    passed     78.01%
   5  GQ379161.1                                                                       0.03%    passed     85.29%
   6  KF367469.1                                                                       2.43%    passed     78.88%
   7  KX547235.1                                                                       2.19%    passed     78.66%
   8  MG004540.1                                                                       2.11%    passed     67.21%
   9  MG004528.1                                                                       2.13%    passed     67.93%
  10  MG004531.1                                                                       2.14%    passed     65.70%
  11  MG004534.1                                                                       2.13%    passed     67.70%
  12  MG004532.1                                                                       2.09%    passed     70.59%
  13  MG004530.1                                                                       2.13%    passed     69.80%
  14  MG004541.1                                                                       2.18%    passed     67.27%
  15  MG004536.1                                                                       2.12%    passed     66.04%
  16  MK352483.1                                                                       2.21%    passed     58.53%
  17  MH643887.1                                                                       0.09%    passed     75.90%
  18  ENA_DELIM-HOLJNGWJLHBPSBZMHFFK_OU953897_DELIM-HOLJNGWJLHBPSBZMHFFK_OU953897.1    5.56%    passed     73.95%
  19  ENA_DELIM-HOLJNGWJLHBPSBZMHFFK_OU953896_DELIM-HOLJNGWJLHBPSBZMHFFK_OU953896.1    5.32%    passed     76.51%
  20  ENA_DELIM-HOLJNGWJLHBPSBZMHFFK_OU953895_DELIM-HOLJNGWJLHBPSBZMHFFK_OU953895.1    3.94%    passed     82.31%
  21  ENA_DELIM-HOLJNGWJLHBPSBZMHFFK_OU953898_DELIM-HOLJNGWJLHBPSBZMHFFK_OU953898.1   11.51%    passed     45.34%
  22  FJ483548.1                                                                       0.00%    passed     88.74%
  23  FJ483549.1                                                                       0.00%    passed     89.53%
  24  GU011992.2                                                                       0.01%    passed     87.20%
  25  JF719068.1                                                                       0.94%    passed     88.72%
  26  KF234080.1                                                                       0.00%    passed     87.17%
  27  JF719065.1                                                                       0.56%    passed     91.28%
  28  JF719067.1                                                                       0.94%    passed     89.29%
  29  JF719066.1                                                                       0.70%    passed     88.45%
  30  JF719069.1                                                                       0.35%    passed     85.75%
  31  FJ766331.1                                                                       0.63%    passed     94.53%
  32  FJ766332.1                                                                       0.62%    passed     93.80%
  33  JF707789.1                                                                       1.17%    passed     88.81%
  34  JQ928174.1                                                                       2.87%    passed     86.62%
  35  JX556213.1                                                                       2.66%    passed     90.68%
  36  KC954092.1                                                                       2.25%    passed     91.56%
  37  KF647253.1                                                                       4.95%    passed     72.16%
  38  MN149538.1                                                                       0.34%    passed     81.48%
  39  JN858069.1                                                                       1.22%    passed     80.73%
  40  JQ928175.1                                                                       5.00%    passed     91.17%
  41  MF797870.1                                                                       0.43%    passed     90.15%
  42  KJ958922.1                                                                       0.03%    passed     82.95%
  43  JX041634.1                                                                       0.50%    passed     91.84%
  44  JX442279.1                                                                       0.00%    passed     89.36%
  45  KC601756.1                                                                       0.73%    passed     94.05%
  46  KU588135.1                                                                       4.97%    passed     90.15%
  47  HM051416.1                                                                       0.00%    passed     86.10%
  48  KT163243.1                                                                       0.00%    passed     84.83%
  49  JX041628.1                                                                       0.85%    passed     65.22%
  50  JX041629.1                                                                       1.19%    passed     71.19%
  51  JX041630.1                                                                       2.01%    passed     80.27%
  52  JX123030.1                                                                       0.44%    passed     37.35%
  53  JX123031.1                                                                       0.43%    passed     34.46%
  54  DQ256376.1                                                                       0.20%    passed     21.72%
  55  JX041632.1                                                                       1.25%    passed     13.52%
  56  DQ176636.2                                                                       1.53%    passed      8.58%
  57  EF429197.1                                                                       0.15%    passed     85.09%
  58  EF429198.1                                                                       0.12%    passed     90.77%
  59  JN393308.1                                                                       0.19%    passed     83.57%
  60  KY523178.1                                                                       0.07%    passed     95.07%
  61  LC318700.1                                                                       0.07%    passed     94.88%
  62  EF429200.1                                                                       0.13%    passed     91.82%
  63  JX041631.1                                                                       2.14%    passed     95.82%
  64  HM147824.1                                                                       0.07%    passed     92.32%
  65  HQ537483.1                                                                       0.27%    passed     96.18%
  66  KY594040.1                                                                       0.07%    passed     96.37%
  67  MN481592.1                                                                       1.20%    passed     95.57%
  68  MN481593.1                                                                       1.20%    passed     96.00%
  69  MN481594.1                                                                       1.20%    passed     96.40%
  70  MN481597.1                                                                       1.20%    passed     95.99%
  71  MN481595.1                                                                       1.20%    passed     97.35%
  72  MN481596.1                                                                       1.20%    passed     97.00%
  73  KJ883346.1                                                                       0.53%    passed     96.21%
  74  KC496015.1                                                                       0.27%    passed     97.19%
  75  KF179639.1                                                                       0.53%    passed     96.82%
  76  KJ883343.1                                                                       0.51%    passed     96.82%
  77  KJ883344.1                                                                       0.50%    passed     96.95%
  78  KJ883348.1                                                                       0.51%    passed     96.66%
  79  KJ883349.1                                                                       0.83%    passed     96.39%
  80  KJ883345.1                                                                       0.45%    passed     96.21%
  81  KU206781.1                                                                       0.71%    passed     97.18%
  82  MN481591.1                                                                       1.20%    passed     98.27%
  83  MH021189.1                                                                       0.07%    passed     97.67%
  84  MN480794.1                                                                       1.20%    passed     96.46%
  85  MN480792.1                                                                       1.20%    passed     98.38%
  86  MN480793.1                                                                       1.20%    passed     97.60%
  87  MN481589.1                                                                       1.20%    passed     98.04%
  88  MN652878.1                                                                       1.20%    passed     97.69%
  89  MN652879.1                                                                       1.20%    passed     97.60%
  90  MN480795.1                                                                       1.21%    passed     98.13%
  91  MN652880.1                                                                       1.20%    passed     97.37%
  92  MN481590.1                                                                       1.20%    passed     95.94%
  93  MT341470.1                                                                       2.46%    passed     93.35%
  94  MT341471.1                                                                       2.46%    passed     93.42%
  95  JN858070.1                                                                       4.88%    passed     89.37%
  96  KF179640.1                                                                       0.57%    passed     95.04%
  97  KP780837.1                                                                       0.86%    passed     96.04%
  98  KP780838.1                                                                       0.86%    passed     95.55%
  99  MH244512.1                                                                       0.41%    passed     93.99%
 100  KM203860.1                                                                       0.36%    passed     96.33%
 101  KM203863.1                                                                       0.37%    passed     97.17%
 102  MF984343.1                                                                       0.41%    passed     95.99%
 103  MF984350.1                                                                       0.72%    passed     96.15%
 104  MF984349.1                                                                       3.06%    passed     87.10%
 105  MF984345.1                                                                       0.41%    passed     94.19%
 106  KM203861.1                                                                       0.42%    passed     92.58%
 107  KM203862.1                                                                       0.36%    passed     95.33%
 108  KM659876.1                                                                       0.27%    passed     95.68%
 109  KP109691.1                                                                       0.63%    passed     94.76%
 110  MH244510.1                                                                       0.30%    passed     96.37%
 111  MH244511.1                                                                       0.29%    passed     95.37%
 112  KP109692.1                                                                       0.63%    passed     94.60%
 113  MF984342.1                                                                       2.06%    passed     93.04%
 114  MF984344.1                                                                       0.31%    passed     95.60%
 115  MH924836.1                                                                       0.07%    passed     96.35%
 116  MH986056.1                                                                       0.37%    passed     96.25%
 117  MH986055.1                                                                       0.27%    passed     96.07%
 118  MN794937.1                                                                       0.07%    passed     96.59%
 119  MN794938.1                                                                       0.07%    passed     96.63%
 120  MN794939.1                                                                       0.07%    passed     96.77%
 121  MN794935.1                                                                       0.18%    passed     96.34%
 122  MF984341.1                                                                       3.63%    passed     89.17%
 123  MH244513.1                                                                       0.42%    passed     94.02%
 124  KP780839.1                                                                       0.90%    passed     96.33%
 125  KF588365.1                                                                       0.54%    passed     95.48%
 126  KF647252.1                                                                       2.01%    passed     96.03%
 127  KP789960.1                                                                       1.00%    passed     95.68%
 128  KF647251.1                                                                       0.58%    passed     96.81%
 129  KF647249.1                                                                       0.65%    passed     95.78%
 130  KP789953.1                                                                       0.58%    passed     94.36%
 131  KP789954.1                                                                       0.53%    passed     93.01%
 132  KP789958.1                                                                       0.53%    passed     94.50%
 133  KT207792.1                                                                       0.57%    passed     93.70%
 134  KP789955.1                                                                       0.57%    passed     94.64%
 135  KP789957.1                                                                       0.53%    passed     94.83%
 136  KP789956.1                                                                       1.09%    passed     92.25%
 137  KP789959.1                                                                       1.01%    passed     95.67%
 138  KF647248.1                                                                       9.69%    passed     90.18%
 139  KF647250.1                                                                       1.66%    passed     97.89%
 140  KC407673.1                                                                       0.27%    passed     97.42%
 141  MT341472.1                                                                       2.46%    passed     96.30%
 142  KC496016.1                                                                       0.27%    passed     96.51%
 143  KT359349.1                                                                       0.83%    passed     94.97%
 144  KP780840.1                                                                       0.86%    passed     78.37%
 145  EF429199.1                                                                       0.12%    passed     92.77%
 146  KT207791.1                                                                       0.69%    passed     91.07%
 147  MH939154.1                                                                       0.74%    passed     93.89%
 148  MH939153.1                                                                       1.00%    passed     89.68%
 149  MN619802.1                                                                       0.14%    passed     92.56%
 150  MN619803.1                                                                       0.08%    passed     91.08%
 151  MN619801.1                                                                       0.11%    passed     89.45%
 152  HM147823.1                                                                       0.07%    passed     61.30%
 153  HM147822.1                                                                       0.07%    passed     69.36%
 154  FJ159129.1                                                                       1.79%    failed      0.23%
 155  FJ159130.1                                                                       1.79%    failed      0.42%
 156  FJ159131.1                                                                       1.79%    failed      0.18%
****  TOTAL                                                                            1.18%  3 sequences failed composition chi2 test (p-value<5%; df=3)
Checking for duplicate sequences: done in 0.00564393 secs using 94.35% CPU

Create initial parsimony tree by phylogenetic likelihood library (PLL)... 0.118 seconds

NOTE: 21 MB RAM (0 GB) is required!
Estimate model parameters (epsilon = 0.500)
1. Initial log-likelihood: -99050.332
2. Current log-likelihood: -92567.551
3. Current log-likelihood: -92545.858
Optimal log-likelihood: -92545.846
Rate parameters:  A-C: 1.48054  A-G: 4.74969  A-T: 1.32111  C-G: 0.75584  C-T: 11.28467  G-T: 1.00000
Base frequencies:  A: 0.273  C: 0.226  G: 0.284  T: 0.217
Parameters optimization took 3 rounds (3.276 sec)
Wrote distance file to... 
Computing ML distances based on estimated model parameters...
Calculating distance matrix: done in 0.231705 secs using 99.99% CPU
Computing ML distances took 0.236095 sec (of wall-clock time) 0.236083 sec (of CPU time)
Setting up auxiliary I and S matrices: done in 0.000574088 secs using 99.81% CPU
Constructing RapidNJ tree: done in 0.0018824 secs using 213% CPU
Computing RapidNJ tree took 0.002523 sec (of wall-clock time) 0.004651 sec (of CPU time)
Log-likelihood of RapidNJ tree: -93124.626
--------------------------------------------------------------------
|             INITIALIZING CANDIDATE TREE SET                      |
--------------------------------------------------------------------

Do NNI search on 2 best initial trees
Optimizing NNI: done in 0.884314 secs using 99.54% CPU
Estimate model parameters (epsilon = 0.500)
BETTER TREE FOUND at iteration 1: -92533.545
Optimizing NNI: done in 1.29007 secs using 99.67% CPU
Finish initializing candidate tree set (4)
Current best tree score: -92533.545 / CPU time: 2.541
Number of iterations: 2
TREE SEARCH COMPLETED AFTER 2 ITERATIONS / Time: 0h:0m:6s

--------------------------------------------------------------------
|                    FINALIZING TREE SEARCH                        |
--------------------------------------------------------------------
Performs final model parameters optimization
Estimate model parameters (epsilon = 0.050)
1. Initial log-likelihood: -92533.545
Optimal log-likelihood: -92533.543
Rate parameters:  A-C: 1.47753  A-G: 4.74552  A-T: 1.32009  C-G: 0.75567  C-T: 11.28985  G-T: 1.00000
Base frequencies:  A: 0.273  C: 0.226  G: 0.284  T: 0.217
Parameters optimization took 1 rounds (0.291 sec)
BEST SCORE FOUND : -92533.543
Total tree length: 1.469

Total number of iterations: 2
CPU time used for tree search: 2.533 sec (0h:0m:2s)
Wall-clock time used for tree search: 2.541 sec (0h:0m:2s)
Total CPU time used: 6.944 sec (0h:0m:6s)
Total wall-clock time used: 6.993 sec (0h:0m:6s)

Analysis results written to: 
  IQ-TREE report:                new_alignment-delim.fasta.iqtree
  Maximum-likelihood tree:       new_alignment-delim.fasta.treefile
  Likelihood distances:          new_alignment-delim.fasta.mldist
  Screen log file:               new_alignment-delim.fasta.log

ALISIM COMMAND
--------------
--alisim simulated_MSA -t new_alignment-delim.fasta.treefile -m "GTR{1.47753,4.74552,1.32009,0.755672,11.2898}+F{0.273245,0.225543,0.284177,0.217035}" --length 11029

Date and Time: Tue Aug 23 15:14:12 2022
