IQ-TREE multicore version 2.2.0.3 COVID-edition for Linux 64-bit built Aug  2 2022
Developed by Bui Quang Minh, James Barbetti, Nguyen Lam Tung,
Olga Chernomor, Heiko Schmidt, Dominik Schrempf, Michael Woodhams, Ly Trong Nhan.

Host:    icipe-HP-Z220-SFF-Workstation (AVX, 3 GB RAM)
Command: iqtree2 -nt 1 -s new_alignment-delim.fasta -m GTR -ninit 2 -n 2 -me 0.05 -ninit 2 -n 2 -me 0.05
Seed:    477632 (Using SPRNG - Scalable Parallel Random Number Generator)
Time:    Mon Aug 22 13:11:21 2022
Kernel:  AVX - 1 threads (4 CPU cores detected)

HINT: Use -nt option to specify number of threads because your CPU has 4 cores!
HINT: -nt AUTO will automatically determine the best number of threads to use.

Reading alignment file new_alignment-delim.fasta ... Fasta format detected
Reading fasta file: done in 0.0436673 secs using 82.75% CPU
Alignment most likely contains DNA/RNA sequences
Constructing alignment: done in 0.023675 secs using 76.45% CPU
Alignment has 156 sequences with 11029 columns, 4284 distinct patterns
4328 parsimony-informative, 502 singleton sites, 6199 constant sites
                                                                               Gap/Ambiguity  Composition  p-value
Analyzing sequences: done in 0.00276447 secs using 99.87% CPU
   1  NC_009942.1                                                                      0.00%    passed     84.55%
   2  KC407667.1                                                                       0.00%    passed     84.01%
   3  MN849176.1                                                                       2.21%    passed     83.27%
   4  GQ379160.1                                                                       0.01%    passed     78.04%
   5  GQ379161.1                                                                       0.03%    passed     85.33%
   6  KF367469.1                                                                       2.43%    passed     78.96%
   7  KX547235.1                                                                       2.19%    passed     78.72%
   8  MG004540.1                                                                       2.11%    passed     67.26%
   9  MG004528.1                                                                       2.13%    passed     68.01%
  10  MG004531.1                                                                       2.14%    passed     65.78%
  11  MG004534.1                                                                       2.13%    passed     67.77%
  12  MG004532.1                                                                       2.09%    passed     70.67%
  13  MG004530.1                                                                       2.13%    passed     69.87%
  14  MG004541.1                                                                       2.18%    passed     67.36%
  15  MG004536.1                                                                       2.12%    passed     66.11%
  16  MK352483.1                                                                       2.21%    passed     58.62%
  17  MH643887.1                                                                       0.09%    passed     75.96%
  18  FJ483548.1                                                                       0.00%    passed     88.75%
  19  FJ483549.1                                                                       0.00%    passed     89.54%
  20  GU011992.2                                                                       0.01%    passed     87.20%
  21  JF719068.1                                                                       0.94%    passed     88.73%
  22  KF234080.1                                                                       0.00%    passed     87.18%
  23  JF719065.1                                                                       0.56%    passed     91.29%
  24  JF719067.1                                                                       0.94%    passed     89.31%
  25  JF719066.1                                                                       0.70%    passed     88.45%
  26  JF719069.1                                                                       0.35%    passed     85.77%
  27  ENA_DELIM-KRLOSSYXYNYKHVCSBBPG_OU953897_DELIM-KRLOSSYXYNYKHVCSBBPG_OU953897.1    5.56%    passed     73.99%
  28  ENA_DELIM-KRLOSSYXYNYKHVCSBBPG_OU953896_DELIM-KRLOSSYXYNYKHVCSBBPG_OU953896.1    5.32%    passed     76.56%
  29  ENA_DELIM-KRLOSSYXYNYKHVCSBBPG_OU953895_DELIM-KRLOSSYXYNYKHVCSBBPG_OU953895.1    3.94%    passed     82.36%
  30  ENA_DELIM-KRLOSSYXYNYKHVCSBBPG_OU953898_DELIM-KRLOSSYXYNYKHVCSBBPG_OU953898.1   11.51%    passed     45.40%
  31  FJ766331.1                                                                       0.63%    passed     94.55%
  32  FJ766332.1                                                                       0.62%    passed     93.82%
  33  JF707789.1                                                                       1.17%    passed     88.83%
  34  JQ928174.1                                                                       2.87%    passed     86.68%
  35  JX556213.1                                                                       2.66%    passed     90.72%
  36  KC954092.1                                                                       2.25%    passed     91.59%
  37  KF647253.1                                                                       4.95%    passed     72.25%
  38  MN149538.1                                                                       0.34%    passed     81.55%
  39  JN858069.1                                                                       1.22%    passed     80.73%
  40  JQ928175.1                                                                       5.00%    passed     91.21%
  41  MF797870.1                                                                       0.43%    passed     90.17%
  42  KJ958922.1                                                                       0.03%    passed     82.95%
  43  JX041634.1                                                                       0.50%    passed     91.89%
  44  JX442279.1                                                                       0.00%    passed     89.41%
  45  KC601756.1                                                                       0.73%    passed     94.08%
  46  KU588135.1                                                                       4.97%    passed     90.20%
  47  HM051416.1                                                                       0.00%    passed     86.12%
  48  KT163243.1                                                                       0.00%    passed     84.85%
  49  JX041628.1                                                                       0.85%    passed     65.19%
  50  JX041629.1                                                                       1.19%    passed     71.17%
  51  JX041630.1                                                                       2.01%    passed     80.25%
  52  JX123030.1                                                                       0.44%    passed     37.44%
  53  JX123031.1                                                                       0.43%    passed     34.53%
  54  DQ256376.1                                                                       0.18%    passed     21.15%
  55  JX041632.1                                                                       1.23%    passed     12.98%
  56  DQ176636.2                                                                       1.53%    passed      8.60%
  57  EF429197.1                                                                       0.15%    passed     85.05%
  58  EF429198.1                                                                       0.12%    passed     90.74%
  59  JN393308.1                                                                       0.19%    passed     83.50%
  60  KY523178.1                                                                       0.07%    passed     95.04%
  61  LC318700.1                                                                       0.07%    passed     94.86%
  62  EF429200.1                                                                       0.13%    passed     91.78%
  63  JX041631.1                                                                       2.14%    passed     95.79%
  64  HM147824.1                                                                       0.07%    passed     92.26%
  65  HQ537483.1                                                                       0.27%    passed     96.17%
  66  KY594040.1                                                                       0.07%    passed     96.36%
  67  MN481592.1                                                                       1.20%    passed     95.56%
  68  MN481593.1                                                                       1.20%    passed     95.99%
  69  MN481594.1                                                                       1.20%    passed     96.40%
  70  MN481597.1                                                                       1.20%    passed     95.98%
  71  MN481595.1                                                                       1.20%    passed     97.33%
  72  MN481596.1                                                                       1.20%    passed     96.98%
  73  KJ883346.1                                                                       0.53%    passed     96.21%
  74  KC496015.1                                                                       0.27%    passed     97.17%
  75  KF179639.1                                                                       0.53%    passed     96.81%
  76  KJ883343.1                                                                       0.51%    passed     96.81%
  77  KJ883344.1                                                                       0.50%    passed     96.93%
  78  KJ883348.1                                                                       0.51%    passed     96.65%
  79  KJ883349.1                                                                       0.83%    passed     96.37%
  80  KJ883345.1                                                                       0.45%    passed     96.20%
  81  KU206781.1                                                                       0.71%    passed     97.17%
  82  MN481591.1                                                                       1.20%    passed     98.27%
  83  MH021189.1                                                                       0.07%    passed     97.67%
  84  MN480794.1                                                                       1.20%    passed     96.46%
  85  MN480792.1                                                                       1.20%    passed     98.38%
  86  MN480793.1                                                                       1.20%    passed     97.60%
  87  MN481589.1                                                                       1.20%    passed     98.03%
  88  MN652878.1                                                                       1.20%    passed     97.69%
  89  MN652879.1                                                                       1.20%    passed     97.60%
  90  MN480795.1                                                                       1.21%    passed     98.13%
  91  MN652880.1                                                                       1.20%    passed     97.37%
  92  MN481590.1                                                                       1.20%    passed     95.95%
  93  MT341470.1                                                                       2.46%    passed     93.35%
  94  MT341471.1                                                                       2.46%    passed     93.42%
  95  JN858070.1                                                                       4.88%    passed     89.38%
  96  KF179640.1                                                                       0.57%    passed     95.01%
  97  KP780837.1                                                                       0.86%    passed     96.02%
  98  KP780838.1                                                                       0.86%    passed     95.54%
  99  MH244512.1                                                                       0.41%    passed     93.98%
 100  KM203860.1                                                                       0.36%    passed     96.31%
 101  KM203863.1                                                                       0.37%    passed     97.16%
 102  MF984343.1                                                                       0.41%    passed     95.97%
 103  MF984350.1                                                                       0.72%    passed     96.15%
 104  MF984349.1                                                                       3.06%    passed     87.10%
 105  MF984345.1                                                                       0.41%    passed     94.16%
 106  KM203861.1                                                                       0.42%    passed     92.54%
 107  KM203862.1                                                                       0.36%    passed     95.30%
 108  KM659876.1                                                                       0.27%    passed     95.66%
 109  KP109691.1                                                                       0.63%    passed     94.74%
 110  MH244510.1                                                                       0.30%    passed     96.36%
 111  MH244511.1                                                                       0.29%    passed     95.36%
 112  KP109692.1                                                                       0.63%    passed     94.57%
 113  MF984342.1                                                                       2.06%    passed     93.02%
 114  MF984344.1                                                                       0.31%    passed     95.58%
 115  MH924836.1                                                                       0.07%    passed     96.34%
 116  MH986056.1                                                                       0.37%    passed     96.24%
 117  MH986055.1                                                                       0.27%    passed     96.05%
 118  MN794937.1                                                                       0.07%    passed     96.59%
 119  MN794938.1                                                                       0.07%    passed     96.62%
 120  MN794939.1                                                                       0.07%    passed     96.75%
 121  MN794935.1                                                                       0.18%    passed     96.33%
 122  MF984341.1                                                                       3.63%    passed     89.18%
 123  MH244513.1                                                                       0.42%    passed     93.99%
 124  KP780839.1                                                                       0.90%    passed     96.33%
 125  KF588365.1                                                                       0.54%    passed     95.47%
 126  KF647252.1                                                                       2.01%    passed     96.03%
 127  KP789960.1                                                                       1.00%    passed     95.66%
 128  KF647251.1                                                                       0.58%    passed     96.80%
 129  KF647249.1                                                                       0.65%    passed     95.77%
 130  KP789953.1                                                                       0.58%    passed     94.34%
 131  KP789954.1                                                                       0.53%    passed     92.98%
 132  KP789958.1                                                                       0.53%    passed     94.48%
 133  KT207792.1                                                                       0.57%    passed     93.68%
 134  KP789955.1                                                                       0.57%    passed     94.63%
 135  KP789957.1                                                                       0.53%    passed     94.81%
 136  KP789956.1                                                                       1.09%    passed     92.22%
 137  KP789959.1                                                                       1.01%    passed     95.65%
 138  KF647248.1                                                                       9.69%    passed     90.15%
 139  KF647250.1                                                                       1.66%    passed     97.88%
 140  KC407673.1                                                                       0.27%    passed     97.40%
 141  MT341472.1                                                                       2.46%    passed     96.29%
 142  KC496016.1                                                                       0.27%    passed     96.50%
 143  KT359349.1                                                                       0.83%    passed     94.95%
 144  KP780840.1                                                                       0.86%    passed     78.41%
 145  EF429199.1                                                                       0.12%    passed     92.77%
 146  KT207791.1                                                                       0.69%    passed     91.04%
 147  MH939154.1                                                                       0.74%    passed     93.86%
 148  MH939153.1                                                                       1.00%    passed     89.64%
 149  MN619802.1                                                                       0.14%    passed     92.54%
 150  MN619803.1                                                                       0.08%    passed     91.07%
 151  MN619801.1                                                                       0.11%    passed     89.39%
 152  HM147823.1                                                                       0.07%    passed     61.36%
 153  HM147822.1                                                                       0.07%    passed     69.26%
 154  FJ159129.1                                                                       1.80%    failed      0.27%
 155  FJ159130.1                                                                       1.80%    failed      0.49%
 156  FJ159131.1                                                                       1.80%    failed      0.21%
****  TOTAL                                                                            1.18%  3 sequences failed composition chi2 test (p-value<5%; df=3)
Checking for duplicate sequences: done in 0.00552192 secs using 88.92% CPU

Create initial parsimony tree by phylogenetic likelihood library (PLL)... 0.097 seconds

NOTE: 21 MB RAM (0 GB) is required!
Estimate model parameters (epsilon = 0.500)
1. Initial log-likelihood: -99058.715
2. Current log-likelihood: -92578.002
3. Current log-likelihood: -92556.321
Optimal log-likelihood: -92556.304
Rate parameters:  A-C: 1.47833  A-G: 4.75910  A-T: 1.32885  C-G: 0.75503  C-T: 11.29123  G-T: 1.00000
Base frequencies:  A: 0.273  C: 0.226  G: 0.284  T: 0.217
Parameters optimization took 3 rounds (2.968 sec)
Wrote distance file to... 
Computing ML distances based on estimated model parameters...
Calculating distance matrix: done in 0.228818 secs using 99.98% CPU
Computing ML distances took 0.233208 sec (of wall-clock time) 0.233168 sec (of CPU time)
Setting up auxiliary I and S matrices: done in 0.000577235 secs using 99.79% CPU
Constructing RapidNJ tree: done in 0.0018642 secs using 99.72% CPU
Computing RapidNJ tree took 0.002547 sec (of wall-clock time) 0.002526 sec (of CPU time)
Log-likelihood of RapidNJ tree: -93136.212
--------------------------------------------------------------------
|             INITIALIZING CANDIDATE TREE SET                      |
--------------------------------------------------------------------

Do NNI search on 2 best initial trees
Optimizing NNI: done in 0.746815 secs using 99.45% CPU
Estimate model parameters (epsilon = 0.500)
BETTER TREE FOUND at iteration 1: -92544.928
Optimizing NNI: done in 1.30279 secs using 99.14% CPU
Finish initializing candidate tree set (4)
Current best tree score: -92544.928 / CPU time: 2.415
Number of iterations: 2
TREE SEARCH COMPLETED AFTER 2 ITERATIONS / Time: 0h:0m:6s

--------------------------------------------------------------------
|                    FINALIZING TREE SEARCH                        |
--------------------------------------------------------------------
Performs final model parameters optimization
Estimate model parameters (epsilon = 0.050)
1. Initial log-likelihood: -92544.928
Optimal log-likelihood: -92544.926
Rate parameters:  A-C: 1.47663  A-G: 4.75411  A-T: 1.32700  C-G: 0.75472  C-T: 11.29670  G-T: 1.00000
Base frequencies:  A: 0.273  C: 0.226  G: 0.284  T: 0.217
Parameters optimization took 1 rounds (0.291 sec)
BEST SCORE FOUND : -92544.926
Total tree length: 1.470

Total number of iterations: 2
CPU time used for tree search: 2.400 sec (0h:0m:2s)
Wall-clock time used for tree search: 2.416 sec (0h:0m:2s)
Total CPU time used: 6.490 sec (0h:0m:6s)
Total wall-clock time used: 6.538 sec (0h:0m:6s)

Analysis results written to: 
  IQ-TREE report:                new_alignment-delim.fasta.iqtree
  Maximum-likelihood tree:       new_alignment-delim.fasta.treefile
  Likelihood distances:          new_alignment-delim.fasta.mldist
  Screen log file:               new_alignment-delim.fasta.log

ALISIM COMMAND
--------------
--alisim simulated_MSA -t new_alignment-delim.fasta.treefile -m "GTR{1.47663,4.75411,1.327,0.75472,11.2967}+F{0.273248,0.225536,0.284178,0.217038}" --length 11029

Date and Time: Mon Aug 22 13:11:28 2022
