Building DAG of jobs...
Using shell: /bin/bash
Provided cores: 1 (use --cores to define parallelism)
Rules claiming more threads will be scaled down.
Job counts:
	count	jobs
	1	export
	1

[Fri Sep  2 11:14:43 2022]
rule export:
    input: results/new_tree.nwk, results/branches.json
    output: results/tree_auspice.json
    jobid: 0

[Fri Sep  2 11:14:44 2022]
Error in rule export:
    jobid: 0
    output: results/tree_auspice.json
    shell:
        
        augur export v2             --tree results/new_tree.nwk 	    --node-dataresults/branches.json             --output results/tree_auspice.json 	    --title 'West Nile Virus Outbreak in Andalusia' \ 
	    --maintainers 'mark https://github.com/Mattcreates25' 	    --panels tree --skip-validation
        
        (one of the commands exited with non-zero exit code; note that snakemake uses bash strict mode!)

Shutting down, this might take some time.
Exiting because a job execution failed. Look above for error message
Complete log: /home/icipe/WNV/.snakemake/log/2022-09-02T111443.384409.snakemake.log
