Building DAG of jobs...
File path ' cut -f 2,3 results/metadata.tsv > results/New_metadata.tsv' starts with whitespace. This is likely unintended. It can also lead to inconsistent results of the file-matching approach used by Snakemake.
Using shell: /bin/bash
Provided cores: 4
Rules claiming more threads will be scaled down.
Job counts:
	count	jobs
	1	parse
	1

[Wed Aug 24 12:41:29 2022]
rule parse:
    input: data/four_sequences.fasta
    output: results/four_seq.fasta,  cut -f 2,3 results/metadata.tsv > results/New_metadata.tsv
    jobid: 0

[Wed Aug 24 12:41:30 2022]
Error in rule parse:
    jobid: 0
    output: results/four_seq.fasta,  cut -f 2,3 results/metadata.tsv > results/New_metadata.tsv
    shell:
        
        augur parse             --sequences data/four_sequences.fasta             --fields site accession strain             --output-sequences results/four_seq.fasta             --output-metadata  cut -f 2,3 results/metadata.tsv > results/New_metadata.tsv
        
        (one of the commands exited with non-zero exit code; note that snakemake uses bash strict mode!)

Shutting down, this might take some time.
Exiting because a job execution failed. Look above for error message
Complete log: /home/icipe/WNV/.snakemake/log/2022-08-24T124129.021032.snakemake.log
