Building DAG of jobs...
Using shell: /bin/bash
Provided cores: 4
Rules claiming more threads will be scaled down.
Job counts:
	count	jobs
	1	parse
	1

[Wed Aug 24 13:27:02 2022]
rule parse:
    input: data/four_sequences.fasta
    output: results/fourP.fasta, results/fourmetadata.tsv
    jobid: 0

[Wed Aug 24 13:27:02 2022]
Error in rule parse:
    jobid: 0
    output: results/fourP.fasta, results/fourmetadata.tsv
    shell:
        
        augur parse             --sequences data/four_sequences.fasta             --fields strain name description             --output-sequences results/fourP.fasta             --output-metadata results/fourmetadata.tsv
        
        (one of the commands exited with non-zero exit code; note that snakemake uses bash strict mode!)

Shutting down, this might take some time.
Exiting because a job execution failed. Look above for error message
Complete log: /home/icipe/WNV/.snakemake/log/2022-08-24T132702.282171.snakemake.log
