Building DAG of jobs...
Using shell: /bin/bash
Provided cores: 4
Rules claiming more threads will be scaled down.
Job counts:
	count	jobs
	1	parse
	1

[Fri Sep  2 10:37:53 2022]
rule parse:
    input: data/all_sequences.fasta
    output: results/all_sequencesP.fasta, results/all_metadata.csv
    jobid: 0

[Fri Sep  2 10:37:53 2022]
Error in rule parse:
    jobid: 0
    output: results/all_sequencesP.fasta, results/all_metadata.csv
    shell:
        
        augur parse             --sequences data/all_sequences.fasta             --fields strain             --output-sequences results/all_sequencesP.fasta             --output-metadata results/all_metadata.csv
        
        (one of the commands exited with non-zero exit code; note that snakemake uses bash strict mode!)

Shutting down, this might take some time.
Exiting because a job execution failed. Look above for error message
Complete log: /home/icipe/WNV/.snakemake/log/2022-09-02T103753.497617.snakemake.log
