IQ-TREE multicore version 2.2.0.3 COVID-edition for Linux 64-bit built Aug  2 2022
Developed by Bui Quang Minh, James Barbetti, Nguyen Lam Tung,
Olga Chernomor, Heiko Schmidt, Dominik Schrempf, Michael Woodhams, Ly Trong Nhan.

Host:    icipe-HP-Z220-SFF-Workstation (AVX, 3 GB RAM)
Command: iqtree2 -nt 1 -s results/all_alignment-delim.fasta -m GTR -ninit 2 -n 2 -me 0.05 -ninit 2 -n 2 -me 0.05
Seed:    617826 (Using SPRNG - Scalable Parallel Random Number Generator)
Time:    Thu Aug 25 12:45:45 2022
Kernel:  AVX - 1 threads (4 CPU cores detected)

HINT: Use -nt option to specify number of threads because your CPU has 4 cores!
HINT: -nt AUTO will automatically determine the best number of threads to use.

Reading alignment file results/all_alignment-delim.fasta ... Fasta format detected
Reading fasta file: done in 0.0382202 secs using 78.89% CPU
Alignment most likely contains DNA/RNA sequences
Constructing alignment: done in 0.0234104 secs using 99.99% CPU
Alignment has 152 sequences with 11029 columns, 4145 distinct patterns
4322 parsimony-informative, 505 singleton sites, 6202 constant sites
             Gap/Ambiguity  Composition  p-value
Analyzing sequences: done in 0.00278976 secs using 99.9% CPU
   1  NC_009942.1    0.00%    passed     83.25%
   2  KC407667.1     0.00%    passed     82.70%
   3  MN849176.1     2.21%    passed     81.92%
   4  GQ379160.1     0.01%    passed     76.58%
   5  GQ379161.1     0.03%    passed     84.00%
   6  KF367469.1     2.43%    passed     77.73%
   7  KX547235.1     2.19%    passed     77.36%
   8  MG004540.1     2.11%    passed     65.71%
   9  MG004528.1     2.13%    passed     66.51%
  10  MG004531.1     2.14%    passed     64.29%
  11  MG004534.1     2.13%    passed     66.25%
  12  MG004532.1     2.09%    passed     69.15%
  13  MG004530.1     2.13%    passed     68.39%
  14  MG004541.1     2.18%    passed     65.84%
  15  MG004536.1     2.12%    passed     64.60%
  16  MK352483.1     2.21%    passed     57.26%
  17  MH643887.1     0.09%    passed     74.53%
  18  FJ483548.1     0.00%    passed     87.76%
  19  FJ483549.1     0.00%    passed     88.53%
  20  GU011992.2     0.01%    passed     86.18%
  21  JF719068.1     0.94%    passed     87.67%
  22  KF234080.1     0.00%    passed     86.08%
  23  JF719065.1     0.56%    passed     90.39%
  24  JF719067.1     0.94%    passed     88.25%
  25  JF719066.1     0.70%    passed     87.47%
  26  JF719069.1     0.35%    passed     84.59%
  27  FJ766331.1     0.63%    passed     93.79%
  28  FJ766332.1     0.62%    passed     93.01%
  29  JF707789.1     1.17%    passed     87.74%
  30  JQ928174.1     2.87%    passed     85.58%
  31  JX556213.1     2.66%    passed     89.67%
  32  KC954092.1     2.25%    passed     90.60%
  33  KF647253.1     4.95%    passed     71.09%
  34  MN149538.1     0.34%    passed     80.30%
  35  JN858069.1     1.22%    passed     79.52%
  36  JQ928175.1     5.00%    passed     90.22%
  37  MF797870.1     0.43%    passed     89.20%
  38  KJ958922.1     0.03%    passed     81.86%
  39  JX041634.1     0.50%    passed     90.92%
  40  JX442279.1     0.00%    passed     88.34%
  41  KC601756.1     0.73%    passed     93.45%
  42  KU588135.1     4.97%    passed     89.25%
  43  HM051416.1     0.00%    passed     84.93%
  44  KT163243.1     0.00%    passed     83.61%
  45  JX041628.1     0.85%    passed     64.13%
  46  JX041629.1     1.19%    passed     70.05%
  47  JX041630.1     2.01%    passed     79.26%
  48  JX123030.1     0.44%    passed     36.78%
  49  JX123031.1     0.43%    passed     33.89%
  50  DQ256376.1     0.20%    passed     21.09%
  51  JX041632.1     1.25%    passed     13.08%
  52  DQ176636.2     1.53%    passed      8.55%
  53  EF429197.1     0.15%    passed     86.04%
  54  EF429198.1     0.12%    passed     91.57%
  55  JN393308.1     0.19%    passed     84.41%
  56  KY523178.1     0.07%    passed     95.66%
  57  LC318700.1     0.07%    passed     95.52%
  58  EF429200.1     0.13%    passed     92.61%
  59  JX041631.1     2.14%    passed     96.38%
  60  HM147824.1     0.07%    passed     92.93%
  61  HQ537483.1     0.27%    passed     96.73%
  62  KY594040.1     0.07%    passed     96.87%
  63  MN481592.1     1.20%    passed     96.08%
  64  MN481593.1     1.20%    passed     96.48%
  65  MN481594.1     1.20%    passed     96.83%
  66  MN481597.1     1.20%    passed     96.46%
  67  MN481595.1     1.20%    passed     97.75%
  68  MN481596.1     1.20%    passed     97.44%
  69  KJ883346.1     0.53%    passed     96.72%
  70  KC496015.1     0.27%    passed     97.64%
  71  KF179639.1     0.53%    passed     97.31%
  72  KJ883343.1     0.51%    passed     97.30%
  73  KJ883344.1     0.50%    passed     97.43%
  74  KJ883348.1     0.51%    passed     97.16%
  75  KJ883349.1     0.83%    passed     96.92%
  76  KJ883345.1     0.45%    passed     96.75%
  77  KU206781.1     0.71%    passed     97.65%
  78  MN481591.1     1.20%    passed     98.59%
  79  MH021189.1     0.07%    passed     98.04%
  80  MN480794.1     1.20%    passed     96.86%
  81  MN481589.1     1.20%    passed     98.35%
  82  MN652878.1     1.20%    passed     98.02%
  83  MN480793.1     1.20%    passed     97.92%
  84  MN652879.1     1.20%    passed     97.92%
  85  MN480795.1     1.21%    passed     98.44%
  86  MN652880.1     1.20%    passed     97.72%
  87  MN480792.1     1.20%    passed     98.64%
  88  MN481590.1     1.20%    passed     96.31%
  89  MT341470.1     2.46%    passed     93.99%
  90  MT341471.1     2.46%    passed     94.04%
  91  JN858070.1     4.88%    passed     90.12%
  92  KF179640.1     0.57%    passed     95.63%
  93  KP780837.1     0.86%    passed     96.59%
  94  KP780838.1     0.86%    passed     96.09%
  95  MH244512.1     0.41%    passed     94.66%
  96  KM203860.1     0.36%    passed     96.87%
  97  KM203863.1     0.37%    passed     97.64%
  98  MF984343.1     0.41%    passed     96.57%
  99  MF984350.1     0.72%    passed     96.66%
 100  MF984349.1     3.06%    passed     87.98%
 101  MF984345.1     0.41%    passed     94.91%
 102  KM203861.1     0.42%    passed     93.31%
 103  KM203862.1     0.36%    passed     95.94%
 104  KM659876.1     0.27%    passed     96.27%
 105  KP109691.1     0.63%    passed     95.40%
 106  MH244510.1     0.30%    passed     96.91%
 107  MH244511.1     0.29%    passed     95.99%
 108  KP109692.1     0.63%    passed     95.25%
 109  MF984342.1     2.06%    passed     93.85%
 110  MF984344.1     0.31%    passed     96.20%
 111  MH986055.1     0.27%    passed     96.65%
 112  MN794937.1     0.07%    passed     97.07%
 113  MN794938.1     0.07%    passed     97.15%
 114  MN794939.1     0.07%    passed     97.28%
 115  MH986056.1     0.37%    passed     96.79%
 116  MH924836.1     0.07%    passed     96.87%
 117  MN794935.1     0.18%    passed     96.88%
 118  MF984341.1     3.63%    passed     89.96%
 119  MH244513.1     0.42%    passed     94.70%
 120  KP780839.1     0.90%    passed     96.80%
 121  KF588365.1     0.54%    passed     96.09%
 122  KF647252.1     2.01%    passed     96.41%
 123  KP789960.1     1.00%    passed     96.28%
 124  KF647251.1     0.58%    passed     97.30%
 125  KF647249.1     0.65%    passed     96.33%
 126  KP789953.1     0.58%    passed     95.01%
 127  KP789954.1     0.53%    passed     93.76%
 128  KP789958.1     0.53%    passed     95.16%
 129  KT207792.1     0.57%    passed     94.39%
 130  KP789955.1     0.57%    passed     95.29%
 131  KP789957.1     0.53%    passed     95.48%
 132  KP789956.1     1.09%    passed     93.01%
 133  KP789959.1     1.01%    passed     96.25%
 134  KF647248.1     9.69%    passed     91.04%
 135  KF647250.1     1.66%    passed     98.22%
 136  KC407673.1     0.27%    passed     97.84%
 137  MT341472.1     2.46%    passed     96.82%
 138  KC496016.1     0.27%    passed     97.04%
 139  KT359349.1     0.83%    passed     95.61%
 140  KP780840.1     0.86%    passed     79.05%
 141  EF429199.1     0.12%    passed     93.40%
 142  KT207791.1     0.69%    passed     91.89%
 143  MH939154.1     0.74%    passed     94.63%
 144  MH939153.1     1.00%    passed     90.54%
 145  MN619802.1     0.14%    passed     93.26%
 146  MN619803.1     0.08%    passed     91.92%
 147  MN619801.1     0.11%    passed     90.13%
 148  HM147823.1     0.07%    passed     61.81%
 149  HM147822.1     0.07%    passed     69.95%
 150  FJ159129.1     1.79%    failed      0.22%
 151  FJ159130.1     1.79%    failed      0.41%
 152  FJ159131.1     1.79%    failed      0.17%
****  TOTAL          1.03%  3 sequences failed composition chi2 test (p-value<5%; df=3)
Checking for duplicate sequences: done in 0.00389226 secs using 99.97% CPU

Create initial parsimony tree by phylogenetic likelihood library (PLL)... 0.111 seconds

NOTE: 20 MB RAM (0 GB) is required!
Estimate model parameters (epsilon = 0.500)
1. Initial log-likelihood: -98245.032
2. Current log-likelihood: -91843.646
3. Current log-likelihood: -91822.080
Optimal log-likelihood: -91822.061
Rate parameters:  A-C: 1.47609  A-G: 4.72248  A-T: 1.32406  C-G: 0.76038  C-T: 11.22713  G-T: 1.00000
Base frequencies:  A: 0.273  C: 0.226  G: 0.284  T: 0.217
Parameters optimization took 3 rounds (2.666 sec)
Wrote distance file to... 
Computing ML distances based on estimated model parameters...
Calculating distance matrix: done in 0.207391 secs using 99.99% CPU
Computing ML distances took 0.211688 sec (of wall-clock time) 0.211666 sec (of CPU time)
Setting up auxiliary I and S matrices: done in 0.000533878 secs using 99.84% CPU
Constructing RapidNJ tree: done in 0.00519313 secs using 135.1% CPU
Computing RapidNJ tree took 0.005777 sec (of wall-clock time) 0.007600 sec (of CPU time)
Log-likelihood of RapidNJ tree: -92309.119
--------------------------------------------------------------------
|             INITIALIZING CANDIDATE TREE SET                      |
--------------------------------------------------------------------

Do NNI search on 2 best initial trees
Optimizing NNI: done in 1.00242 secs using 99.45% CPU
Estimate model parameters (epsilon = 0.500)
BETTER TREE FOUND at iteration 1: -91813.982
Optimizing NNI: done in 1.28719 secs using 99.99% CPU
Estimate model parameters (epsilon = 0.500)
BETTER TREE FOUND at iteration 2: -91790.368
Finish initializing candidate tree set (4)
Current best tree score: -91790.368 / CPU time: 2.946
Number of iterations: 2
TREE SEARCH COMPLETED AFTER 2 ITERATIONS / Time: 0h:0m:6s

--------------------------------------------------------------------
|                    FINALIZING TREE SEARCH                        |
--------------------------------------------------------------------
Performs final model parameters optimization
Estimate model parameters (epsilon = 0.050)
1. Initial log-likelihood: -91790.368
Optimal log-likelihood: -91790.367
Rate parameters:  A-C: 1.47296  A-G: 4.71945  A-T: 1.32287  C-G: 0.76135  C-T: 11.23313  G-T: 1.00000
Base frequencies:  A: 0.273  C: 0.226  G: 0.284  T: 0.217
Parameters optimization took 1 rounds (0.267 sec)
BEST SCORE FOUND : -91790.367
Total tree length: 1.459

Total number of iterations: 2
CPU time used for tree search: 2.936 sec (0h:0m:2s)
Wall-clock time used for tree search: 2.946 sec (0h:0m:2s)
Total CPU time used: 6.645 sec (0h:0m:6s)
Total wall-clock time used: 6.661 sec (0h:0m:6s)

Analysis results written to: 
  IQ-TREE report:                results/all_alignment-delim.fasta.iqtree
  Maximum-likelihood tree:       results/all_alignment-delim.fasta.treefile
  Likelihood distances:          results/all_alignment-delim.fasta.mldist
  Screen log file:               results/all_alignment-delim.fasta.log

ALISIM COMMAND
--------------
--alisim simulated_MSA -t results/all_alignment-delim.fasta.treefile -m "GTR{1.47296,4.71945,1.32287,0.76135,11.2331}+F{0.273212,0.225621,0.284076,0.217091}" --length 11029

Date and Time: Thu Aug 25 12:45:52 2022
