IQ-TREE multicore version 2.2.0.3 COVID-edition for Linux 64-bit built Aug  2 2022
Developed by Bui Quang Minh, James Barbetti, Nguyen Lam Tung,
Olga Chernomor, Heiko Schmidt, Dominik Schrempf, Michael Woodhams, Ly Trong Nhan.

Host:    icipe-HP-Z220-SFF-Workstation (AVX, 3 GB RAM)
Command: iqtree2 -nt 1 -s results/all_alignment-delim.fasta -m GTR -ninit 2 -n 2 -me 0.05 -ninit 2 -n 2 -me 0.05
Seed:    424196 (Using SPRNG - Scalable Parallel Random Number Generator)
Time:    Tue Aug 30 18:44:47 2022
Kernel:  AVX - 1 threads (4 CPU cores detected)

HINT: Use -nt option to specify number of threads because your CPU has 4 cores!
HINT: -nt AUTO will automatically determine the best number of threads to use.

Reading alignment file results/all_alignment-delim.fasta ... Fasta format detected
Reading fasta file: done in 0.0401853 secs using 88.52% CPU
Alignment most likely contains DNA/RNA sequences
Constructing alignment: done in 0.0238937 secs using 38.01% CPU
Alignment has 156 sequences with 11029 columns, 4284 distinct patterns
4328 parsimony-informative, 502 singleton sites, 6199 constant sites
                                                                                                                                                                                          Gap/Ambiguity  Composition  p-value
Analyzing sequences: done in 0.00279161 secs using 99.58% CPU
   1  NC_009942.1                                                                                                                                                                                 0.00%    passed     84.55%
   2  KC407667.1WestNilevirusstrainABB-B13_completegenome                                                                                                                                         0.00%    passed     84.01%
   3  MN849176.1WestNilevirusisolate2019-DC-66_completegenome                                                                                                                                     2.21%    passed     83.27%
   4  GQ379160.1WestNilevirusstrainArEq001_completegenome                                                                                                                                         0.01%    passed     78.04%
   5  GQ379161.1WestNilevirusstrainArEq003_completegenome                                                                                                                                         0.03%    passed     85.33%
   6  KF367469.1WestNilevirusisolateBVI2013_Heart_completegenome                                                                                                                                  2.43%    passed     78.96%
   7  KX547235.1WestNilevirusstrainWNV-1_DELIM-CUUNMCGDMBUFEAQRVPTN_Culexsp._DELIM-CUUNMCGDMBUFEAQRVPTN_USA_DELIM-CUUNMCGDMBUFEAQRVPTN_15350183_DELIM-CUUNMCGDMBUFEAQRVPTN_2015_completegenome    2.19%    passed     78.72%
   8  MG004540.1WestNilevirusisolateRT825_completegenome                                                                                                                                          2.11%    passed     67.26%
   9  MG004528.1WestNilevirusisolateRT121_completegenome                                                                                                                                          2.13%    passed     68.01%
  10  MG004531.1WestNilevirusisolateRT335_completegenome                                                                                                                                          2.14%    passed     65.78%
  11  MG004534.1WestNilevirusisolateRT443_completegenome                                                                                                                                          2.13%    passed     67.77%
  12  MG004532.1WestNilevirusisolateRT395_completegenome                                                                                                                                          2.09%    passed     70.67%
  13  MG004530.1WestNilevirusisolateRT279_completegenome                                                                                                                                          2.13%    passed     69.87%
  14  MG004541.1WestNilevirusisolateRT496_completegenome                                                                                                                                          2.18%    passed     67.36%
  15  MG004536.1WestNilevirusisolateRT517_completegenome                                                                                                                                          2.12%    passed     66.11%
  16  MK352483.1WestNilevirusisolateDC-343_completegenome                                                                                                                                         2.21%    passed     58.62%
  17  MH643887.1WestNilevirusstrainBeAn854747_completegenome                                                                                                                                      0.09%    passed     75.96%
  18  FJ483548.1WestNilevirusstrain15217_completegenome                                                                                                                                           0.00%    passed     88.75%
  19  FJ483549.1WestNilevirusstrain15803_completegenome                                                                                                                                           0.00%    passed     89.54%
  20  GU011992.2WestNilevirusstrainIta09_completegenome                                                                                                                                           0.01%    passed     87.20%
  21  JF719068.1WestNilevirusisolateItaly_DELIM-CUUNMCGDMBUFEAQRVPTN_2009_DELIM-CUUNMCGDMBUFEAQRVPTN_J-225677_completegenome                                                                      0.94%    passed     88.73%
  22  KF234080.1WestNilevirusstrainItaly_DELIM-CUUNMCGDMBUFEAQRVPTN_2009_DELIM-CUUNMCGDMBUFEAQRVPTN_FIN_completegenome                                                                            0.00%    passed     87.18%
  23  JF719065.1WestNilevirusisolateItaly_DELIM-CUUNMCGDMBUFEAQRVPTN_2008_DELIM-CUUNMCGDMBUFEAQRVPTN_J-242853_completegenome                                                                      0.56%    passed     91.29%
  24  JF719067.1WestNilevirusisolateItaly_DELIM-CUUNMCGDMBUFEAQRVPTN_2009_DELIM-CUUNMCGDMBUFEAQRVPTN_G-223184_completegenome                                                                      0.94%    passed     89.31%
  25  JF719066.1WestNilevirusisolateItaly_DELIM-CUUNMCGDMBUFEAQRVPTN_2008_DELIM-CUUNMCGDMBUFEAQRVPTN_M-203204_completegenome                                                                      0.70%    passed     88.45%
  26  JF719069.1WestNilevirusisolateSpain_DELIM-CUUNMCGDMBUFEAQRVPTN_2010_DELIM-CUUNMCGDMBUFEAQRVPTN_H-1b_completegenome                                                                          0.35%    passed     85.77%
  27  OU953897.1WestNilevirusisolatenot_providedgenomeassembly_completegenome_monopartite                                                                                                         5.56%    passed     73.99%
  28  OU953896.1WestNilevirusisolatenot_providedgenomeassembly_completegenome_monopartite                                                                                                         5.32%    passed     76.56%
  29  OU953895.1WestNilevirusisolatenot_providedgenomeassembly_completegenome_monopartite                                                                                                         3.94%    passed     82.36%
  30  OU953898.1WestNilevirusisolatenot_providedgenomeassembly_completegenome_monopartite                                                                                                        11.51%    passed     45.40%
  31  FJ766331.1WestNilevirusisolateGE-1b_DELIM-CUUNMCGDMBUFEAQRVPTN_Bpolyproteinprecursor_gene_completecds                                                                                       0.63%    passed     94.55%
  32  FJ766332.1WestNilevirusisolateGE-2o_DELIM-CUUNMCGDMBUFEAQRVPTN_Vpolyproteinprecursor_gene_completecds                                                                                       0.62%    passed     93.82%
  33  JF707789.1WestNilevirusstrainHU6365_DELIM-CUUNMCGDMBUFEAQRVPTN_08polyproteinprecursor_gene_completecds                                                                                      1.17%    passed     88.83%
  34  JQ928174.1WestNilevirusstrainItaly_DELIM-CUUNMCGDMBUFEAQRVPTN_2011_DELIM-CUUNMCGDMBUFEAQRVPTN_Livenza_completegenome                                                                        2.87%    passed     86.68%
  35  JX556213.1WestNilevirusstrainItaly_DELIM-CUUNMCGDMBUFEAQRVPTN_2012_DELIM-CUUNMCGDMBUFEAQRVPTN_Livenza_DELIM-CUUNMCGDMBUFEAQRVPTN_31.1_completegenome                                        2.66%    passed     90.72%
  36  KC954092.1WestNilevirusstrainItaly_DELIM-CUUNMCGDMBUFEAQRVPTN_2012_DELIM-CUUNMCGDMBUFEAQRVPTN_Livenza_DELIM-CUUNMCGDMBUFEAQRVPTN_37.1_completegenome                                        2.25%    passed     91.59%
  37  KF647253.1WestNilevirusstrainItaly_DELIM-CUUNMCGDMBUFEAQRVPTN_2013_DELIM-CUUNMCGDMBUFEAQRVPTN_Livenza_DELIM-CUUNMCGDMBUFEAQRVPTN_35.1_completegenome                                        4.95%    passed     72.25%
  38  MN149538.1WestNilevirusstrainTomsk_DELIM-CUUNMCGDMBUFEAQRVPTN_bird_DELIM-CUUNMCGDMBUFEAQRVPTN_2006_DELIM-CUUNMCGDMBUFEAQRVPTN_A4_completegenome                                             0.34%    passed     81.55%
  39  JN858069.1WestNilevirusisolateItaly_DELIM-CUUNMCGDMBUFEAQRVPTN_2011_DELIM-CUUNMCGDMBUFEAQRVPTN_AN-1_completegenome                                                                          1.22%    passed     80.73%
  40  JQ928175.1WestNilevirusstrainItaly_DELIM-CUUNMCGDMBUFEAQRVPTN_2011_DELIM-CUUNMCGDMBUFEAQRVPTN_Piave_completegenome                                                                          5.00%    passed     91.21%
  41  MF797870.1WestNilevirusstrainWNV_Cy2016_completegenome                                                                                                                                      0.43%    passed     90.17%
  42  KJ958922.1WestNilevirusstrainT2_completegenome                                                                                                                                              0.03%    passed     82.95%
  43  JX041634.1WestNilevirusstrainAst-986_completegenome                                                                                                                                         0.50%    passed     91.89%
  44  JX442279.1WestNilevirusstrainXJ11129_completegenome                                                                                                                                         0.00%    passed     89.41%
  45  KC601756.1WestNilevirusisolate1048813_completegenome                                                                                                                                        0.73%    passed     94.08%
  46  KU588135.1WestNilevirusisolatecamel_completegenome                                                                                                                                          4.97%    passed     90.20%
  47  HM051416.1WestNilevirusisolatetwn9_completegenome                                                                                                                                           0.00%    passed     86.12%
  48  KT163243.1WestNilevirusisolate68856-ICDC-4_completegenome                                                                                                                                   0.00%    passed     84.85%
  49  JX041628.1WestNilevirusstrainLEIV-72Az_completegenome                                                                                                                                       0.85%    passed     65.19%
  50  JX041629.1WestNilevirusstrainLEIV-1628Az_completegenome                                                                                                                                     1.19%    passed     71.17%
  51  JX041630.1WestNilevirusstrainLEIV-1640Az_completegenome                                                                                                                                     2.01%    passed     80.25%
  52  JX123030.1WestNilevirusisolateV11-03_completegenome                                                                                                                                         0.44%    passed     37.44%
  53  JX123031.1WestNilevirusisolateV11-07_completegenome                                                                                                                                         0.43%    passed     34.53%
  54  DQ256376.1WestNilevirusstrain804994_completegenome                                                                                                                                          0.18%    passed     21.15%
  55  JX041632.1WestNilevirusstrainIg2266_completegenome                                                                                                                                          1.23%    passed     12.98%
  56  DQ176636.2WestNilevirusstrainMadagascar-AnMg798_completegenome                                                                                                                              1.53%    passed      8.60%
  57  EF429197.1WestNilevirusSPU116_DELIM-CUUNMCGDMBUFEAQRVPTN_89_completegenome                                                                                                                  0.15%    passed     85.05%
  58  EF429198.1WestNilevirusSA93_DELIM-CUUNMCGDMBUFEAQRVPTN_01_completegenome                                                                                                                    0.12%    passed     90.74%
  59  JN393308.1WestNilevirusstrainHS101_08_completegenome                                                                                                                                        0.19%    passed     83.50%
  60  KY523178.1WestNilevirusisolateUG2274_DELIM-CUUNMCGDMBUFEAQRVPTN_Uganda_DELIM-CUUNMCGDMBUFEAQRVPTN_2009_completegenome                                                                       0.07%    passed     95.04%
  61  LC318700.1WestNilevirusgenomicRNA_completegenome_strain_Zmq16m11                                                                                                                            0.07%    passed     94.86%
  62  EF429200.1WestNilevirusH442_completegenome                                                                                                                                                  0.13%    passed     91.78%
  63  JX041631.1WestNilevirusstrainLEIV-3266Ukr_completegenome                                                                                                                                    2.14%    passed     95.79%
  64  HM147824.1WestNilevirusfromDemocraticRepublicoftheCongo_completegenome                                                                                                                      0.07%    passed     92.26%
  65  HQ537483.1WestNilevirusisolateNeaSanta-Greece-2010_completegenome                                                                                                                           0.27%    passed     96.17%
  66  KY594040.1WestNilevirusisolate341_DELIM-CUUNMCGDMBUFEAQRVPTN_2010_completegenome                                                                                                            0.07%    passed     96.36%
  67  MN481592.1WestNilevirusisolateS33_GrM_2012_DELIM-CUUNMCGDMBUFEAQRVPTN_Thessaloniki_1_completegenome                                                                                         1.20%    passed     95.56%
  68  MN481593.1WestNilevirusisolateS34_GrM_2012_DELIM-CUUNMCGDMBUFEAQRVPTN_Thessaloniki_2_completegenome                                                                                         1.20%    passed     95.99%
  69  MN481594.1WestNilevirusisolateS35_GrM_2012_DELIM-CUUNMCGDMBUFEAQRVPTN_Pella_completegenome                                                                                                  1.20%    passed     96.40%
  70  MN481597.1WestNilevirusisolateS38_GrM_2012_DELIM-CUUNMCGDMBUFEAQRVPTN_Imathia_completegenome                                                                                                1.20%    passed     95.98%
  71  MN481595.1WestNilevirusisolateS36_GrM_2010_DELIM-CUUNMCGDMBUFEAQRVPTN_Thessaloniki_completegenome                                                                                           1.20%    passed     97.33%
  72  MN481596.1WestNilevirusisolateS37_GrM_2011_DELIM-CUUNMCGDMBUFEAQRVPTN_Thessaloniki_completegenome                                                                                           1.20%    passed     96.98%
  73  KJ883346.1WestNilevirusstrainGreece_DELIM-CUUNMCGDMBUFEAQRVPTN_2013_DELIM-CUUNMCGDMBUFEAQRVPTN_Thessaloniki_4_completegenome                                                                0.53%    passed     96.21%
  74  KC496015.1WestNilevirusstrain578_DELIM-CUUNMCGDMBUFEAQRVPTN_10_completegenome                                                                                                               0.27%    passed     97.17%
  75  KF179639.1WestNilevirusstrainGreece_DELIM-CUUNMCGDMBUFEAQRVPTN_2012_DELIM-CUUNMCGDMBUFEAQRVPTN_Kavala_DELIM-CUUNMCGDMBUFEAQRVPTN_39.1_completegenome                                        0.53%    passed     96.81%
  76  KJ883343.1WestNilevirusstrainGreece_DELIM-CUUNMCGDMBUFEAQRVPTN_2013_DELIM-CUUNMCGDMBUFEAQRVPTN_Xanthi_1_completegenome                                                                      0.51%    passed     96.81%
  77  KJ883344.1WestNilevirusstrainGreece_DELIM-CUUNMCGDMBUFEAQRVPTN_2013_DELIM-CUUNMCGDMBUFEAQRVPTN_Xanthi_2_completegenome                                                                      0.50%    passed     96.93%
  78  KJ883348.1WestNilevirusstrainGreece_DELIM-CUUNMCGDMBUFEAQRVPTN_2013_DELIM-CUUNMCGDMBUFEAQRVPTN_Kavala_2_completegenome                                                                      0.51%    passed     96.65%
  79  KJ883349.1WestNilevirusstrainGreece_DELIM-CUUNMCGDMBUFEAQRVPTN_2013_DELIM-CUUNMCGDMBUFEAQRVPTN_Xanthi_5_completegenome                                                                      0.83%    passed     96.37%
  80  KJ883345.1WestNilevirusstrainGreece_DELIM-CUUNMCGDMBUFEAQRVPTN_2013_DELIM-CUUNMCGDMBUFEAQRVPTN_Xanthi_3_completegenome                                                                      0.45%    passed     96.20%
  81  KU206781.1WestNilevirusstrainBulgaria_DELIM-CUUNMCGDMBUFEAQRVPTN_2015_DELIM-CUUNMCGDMBUFEAQRVPTN_Sofia_completegenome                                                                       0.71%    passed     97.17%
  82  MN481591.1WestNilevirusisolateS38b_GrTh_2018_DELIM-CUUNMCGDMBUFEAQRVPTN_Rhodope_completegenome                                                                                              1.20%    passed     98.27%
  83  MH021189.1WestNilevirusisolateWNV_DELIM-CUUNMCGDMBUFEAQRVPTN_Belgium_DELIM-CUUNMCGDMBUFEAQRVPTN_2017_DELIM-CUUNMCGDMBUFEAQRVPTN_Antwerpen_completegenome                                    0.07%    passed     97.67%
  84  MN480794.1WestNilevirusisolateThessaloniki_MC139m_DELIM-CUUNMCGDMBUFEAQRVPTN_2018_completegenome                                                                                            1.20%    passed     96.46%
  85  MN481589.1WestNilevirusisolateS33b_GrM_2018_DELIM-CUUNMCGDMBUFEAQRVPTN_Thessaloniki_completegenome                                                                                          1.20%    passed     98.03%
  86  MN652878.1WestNilevirusisolateThessaloniki_MC26m_DELIM-CUUNMCGDMBUFEAQRVPTN_2018_completegenome                                                                                             1.20%    passed     97.69%
  87  MN480793.1WestNilevirusisolatePella_435h_DELIM-CUUNMCGDMBUFEAQRVPTN_2018_completegenome                                                                                                     1.20%    passed     97.60%
  88  MN652879.1WestNilevirusisolatePella_MC36m_DELIM-CUUNMCGDMBUFEAQRVPTN_2018_completegenome                                                                                                    1.20%    passed     97.60%
  89  MN480795.1WestNilevirusisolatePella_677h_DELIM-CUUNMCGDMBUFEAQRVPTN_2018_completegenome                                                                                                     1.21%    passed     98.13%
  90  MN652880.1WestNilevirusisolateThessaloniki_MC82m_DELIM-CUUNMCGDMBUFEAQRVPTN_2018_completegenome                                                                                             1.20%    passed     97.37%
  91  MN480792.1WestNilevirusisolateThessaloniki_354h_DELIM-CUUNMCGDMBUFEAQRVPTN_2018_completegenome                                                                                              1.20%    passed     98.38%
  92  MN481590.1WestNilevirusisolateS14c_GrM_2018_DELIM-CUUNMCGDMBUFEAQRVPTN_Thessaloniki_completegenome                                                                                          1.20%    passed     95.95%
  93  MT341470.1WestNilevirusisolateLarisa-3m-Greece-2019_completegenome                                                                                                                          2.46%    passed     93.35%
  94  MT341471.1WestNilevirusisolateKarditsa-13m-Greece-2019_completegenome                                                                                                                       2.46%    passed     93.42%
  95  JN858070.1WestNilevirusisolateItaly_DELIM-CUUNMCGDMBUFEAQRVPTN_2011_DELIM-CUUNMCGDMBUFEAQRVPTN_AN-2_completegenome                                                                          4.88%    passed     89.38%
  96  KF179640.1WestNilevirusstrainAustria_DELIM-CUUNMCGDMBUFEAQRVPTN_2008_gh_completegenome                                                                                                      0.57%    passed     95.01%
  97  KP780837.1WestNilevirusisolateSepperl_completegenome                                                                                                                                        0.86%    passed     96.02%
  98  KP780838.1WestNilevirusisolateMismo_completegenome                                                                                                                                          0.86%    passed     95.54%
  99  MH244512.1WestNilevirusstrain286.B_DELIM-CUUNMCGDMBUFEAQRVPTN_2013_DELIM-CUUNMCGDMBUFEAQRVPTN_VelkyBiel_DELIM-CUUNMCGDMBUFEAQRVPTN_SVK_completegenome                                       0.41%    passed     93.98%
 100  KM203860.1WestNilevirusstrainCz13-104_completegenome                                                                                                                                        0.36%    passed     96.31%
 101  KM203863.1WestNilevirusstrainCz13-502_completegenome                                                                                                                                        0.37%    passed     97.16%
 102  MF984343.1WestNilevirusstrainPatient2_DELIM-CUUNMCGDMBUFEAQRVPTN_Austria_DELIM-CUUNMCGDMBUFEAQRVPTN_2015_Pa2_DELIM-CUUNMCGDMBUFEAQRVPTN_15__completegenome                                  0.41%    passed     95.97%
 103  MF984350.1WestNilevirusstrainHorse2_DELIM-CUUNMCGDMBUFEAQRVPTN_Austria_DELIM-CUUNMCGDMBUFEAQRVPTN_2016_Ho2_DELIM-CUUNMCGDMBUFEAQRVPTN_16__completegenome                                    0.72%    passed     96.15%
 104  MF984349.1WestNilevirusstrainHorse1_DELIM-CUUNMCGDMBUFEAQRVPTN_Austria_DELIM-CUUNMCGDMBUFEAQRVPTN_2016_Ho1_DELIM-CUUNMCGDMBUFEAQRVPTN_16__completegenome                                    3.06%    passed     87.10%
 105  MF984345.1WestNilevirusstrainFalcon_DELIM-CUUNMCGDMBUFEAQRVPTN_Austria_DELIM-CUUNMCGDMBUFEAQRVPTN_2015_Bi2_DELIM-CUUNMCGDMBUFEAQRVPTN_15__completegenome                                    0.41%    passed     94.16%
 106  KM203861.1WestNilevirusstrainCz13-329_completegenome                                                                                                                                        0.42%    passed     92.54%
 107  KM203862.1WestNilevirusstrainCz13-479_completegenome                                                                                                                                        0.36%    passed     95.30%
 108  KM659876.1WestNilevirusstrainBD-AUT_completegenome                                                                                                                                          0.27%    passed     95.66%
 109  KP109691.1WestNilevirusstrainblooddonor_DELIM-CUUNMCGDMBUFEAQRVPTN_Vienna_DELIM-CUUNMCGDMBUFEAQRVPTN_2014_completegenome                                                                    0.63%    passed     94.74%
 110  MH244510.1WestNilevirusstrain486.B_DELIM-CUUNMCGDMBUFEAQRVPTN_2014_DELIM-CUUNMCGDMBUFEAQRVPTN_VelkyBiel_DELIM-CUUNMCGDMBUFEAQRVPTN_SVK_completegenome                                       0.30%    passed     96.36%
 111  MH244511.1WestNilevirusstrain291.B_DELIM-CUUNMCGDMBUFEAQRVPTN_2013_DELIM-CUUNMCGDMBUFEAQRVPTN_VelkyBiel_DELIM-CUUNMCGDMBUFEAQRVPTN_SVK_completegenome                                       0.29%    passed     95.36%
 112  KP109692.1WestNilevirusstrainCx.pipiens_DELIM-CUUNMCGDMBUFEAQRVPTN_Vienna_DELIM-CUUNMCGDMBUFEAQRVPTN_2014_completegenome                                                                    0.63%    passed     94.57%
 113  MF984342.1WestNilevirusstrainPatient1_DELIM-CUUNMCGDMBUFEAQRVPTN_Austria_DELIM-CUUNMCGDMBUFEAQRVPTN_2015_Pa1_DELIM-CUUNMCGDMBUFEAQRVPTN_15__completegenome                                  2.06%    passed     93.02%
 114  MF984344.1WestNilevirusstrainGoshawk_DELIM-CUUNMCGDMBUFEAQRVPTN_Austria_DELIM-CUUNMCGDMBUFEAQRVPTN_2015_Bi1_DELIM-CUUNMCGDMBUFEAQRVPTN_15__completegenome                                   0.31%    passed     95.58%
 115  MH986055.1WestNilevirusstrain1382_DELIM-CUUNMCGDMBUFEAQRVPTN_2018_DELIM-CUUNMCGDMBUFEAQRVPTN_Berlin_DELIM-CUUNMCGDMBUFEAQRVPTN_Ger_completegenome                                           0.27%    passed     96.05%
 116  MN794937.1WestNilevirusstrainBNI-2635_completegenome                                                                                                                                        0.07%    passed     96.59%
 117  MN794938.1WestNilevirusstrainBNI-2615_completegenome                                                                                                                                        0.07%    passed     96.62%
 118  MN794939.1WestNilevirusstrainBNI-2432_completegenome                                                                                                                                        0.07%    passed     96.75%
 119  MH986056.1WestNilevirusstrain1617_DELIM-CUUNMCGDMBUFEAQRVPTN_2018_DELIM-CUUNMCGDMBUFEAQRVPTN_Rostock_DELIM-CUUNMCGDMBUFEAQRVPTN_Ger_completegenome                                          0.37%    passed     96.24%
 120  MH924836.1WestNilevirusisolateED-I-33_DELIM-CUUNMCGDMBUFEAQRVPTN_18-UM_completegenome                                                                                                       0.07%    passed     96.34%
 121  MN794935.1WestNilevirusstrainBNI-10_DELIM-CUUNMCGDMBUFEAQRVPTN_19_completegenome                                                                                                            0.18%    passed     96.33%
 122  MF984341.1WestNilevirusstrainBlooddonorBlooddonor5_DELIM-CUUNMCGDMBUFEAQRVPTN_Austria_DELIM-CUUNMCGDMBUFEAQRVPTN_2015_BD5_DELIM-CUUNMCGDMBUFEAQRVPTN_15__completegenome                     3.63%    passed     89.18%
 123  MH244513.1WestNilevirusstrain200.B_DELIM-CUUNMCGDMBUFEAQRVPTN_2013_DELIM-CUUNMCGDMBUFEAQRVPTN_Secovce_DELIM-CUUNMCGDMBUFEAQRVPTN_SVK_completegenome                                         0.42%    passed     93.99%
 124  KP780839.1WestNilevirusisolateBerliner_completegenome                                                                                                                                       0.90%    passed     96.33%
 125  KF588365.1WestNilevirusstrainItaly_DELIM-CUUNMCGDMBUFEAQRVPTN_2013_DELIM-CUUNMCGDMBUFEAQRVPTN_Rovigo_DELIM-CUUNMCGDMBUFEAQRVPTN_32.1_completegenome                                         0.54%    passed     95.47%
 126  KF647252.1WestNilevirusstrainItaly_DELIM-CUUNMCGDMBUFEAQRVPTN_2013_DELIM-CUUNMCGDMBUFEAQRVPTN_Rovigo_DELIM-CUUNMCGDMBUFEAQRVPTN_35.1_completegenome                                         2.01%    passed     96.03%
 127  KP789960.1WestNilevirusstrainItaly_DELIM-CUUNMCGDMBUFEAQRVPTN_2013_DELIM-CUUNMCGDMBUFEAQRVPTN_Mantova_DELIM-CUUNMCGDMBUFEAQRVPTN_36.1_completegenome                                        1.00%    passed     95.66%
 128  KF647251.1WestNilevirusstrainItaly_DELIM-CUUNMCGDMBUFEAQRVPTN_2013_DELIM-CUUNMCGDMBUFEAQRVPTN_Padova_DELIM-CUUNMCGDMBUFEAQRVPTN_34.1_completegenome                                         0.58%    passed     96.80%
 129  KF647249.1WestNilevirusstrainItaly_DELIM-CUUNMCGDMBUFEAQRVPTN_2013_DELIM-CUUNMCGDMBUFEAQRVPTN_Rovigo_DELIM-CUUNMCGDMBUFEAQRVPTN_33.2_completegenome                                         0.65%    passed     95.77%
 130  KP789953.1WestNilevirusstrainItaly_DELIM-CUUNMCGDMBUFEAQRVPTN_2014_DELIM-CUUNMCGDMBUFEAQRVPTN_Pavia1_completegenome                                                                         0.58%    passed     94.34%
 131  KP789954.1WestNilevirusstrainItaly_DELIM-CUUNMCGDMBUFEAQRVPTN_2014_DELIM-CUUNMCGDMBUFEAQRVPTN_Cremona2_completegenome                                                                       0.53%    passed     92.98%
 132  KP789958.1WestNilevirusstrainItaly_DELIM-CUUNMCGDMBUFEAQRVPTN_2014_DELIM-CUUNMCGDMBUFEAQRVPTN_Pavia5_completegenome                                                                         0.53%    passed     94.48%
 133  KT207792.1WestNilevirusisolate1270_DELIM-CUUNMCGDMBUFEAQRVPTN_14_completegenome                                                                                                             0.57%    passed     93.68%
 134  KP789955.1WestNilevirusstrainItaly_DELIM-CUUNMCGDMBUFEAQRVPTN_2014_DELIM-CUUNMCGDMBUFEAQRVPTN_Verona_DELIM-CUUNMCGDMBUFEAQRVPTN_35.1_completegenome                                         0.57%    passed     94.63%
 135  KP789957.1WestNilevirusstrainItaly_DELIM-CUUNMCGDMBUFEAQRVPTN_2014_DELIM-CUUNMCGDMBUFEAQRVPTN_Cremona4_completegenome                                                                       0.53%    passed     94.81%
 136  KP789956.1WestNilevirusstrainItaly_DELIM-CUUNMCGDMBUFEAQRVPTN_2014_DELIM-CUUNMCGDMBUFEAQRVPTN_Verona_DELIM-CUUNMCGDMBUFEAQRVPTN_35.2_completegenome                                         1.09%    passed     92.22%
 137  KP789959.1WestNilevirusstrainItaly_DELIM-CUUNMCGDMBUFEAQRVPTN_2014_DELIM-CUUNMCGDMBUFEAQRVPTN_Pavia4_completegenome                                                                         1.01%    passed     95.65%
 138  KF647248.1WestNilevirusstrainItaly_DELIM-CUUNMCGDMBUFEAQRVPTN_2013_DELIM-CUUNMCGDMBUFEAQRVPTN_Rovigo_DELIM-CUUNMCGDMBUFEAQRVPTN_34.1_completegenome                                         9.69%    passed     90.15%
 139  KF647250.1WestNilevirusstrainItaly_DELIM-CUUNMCGDMBUFEAQRVPTN_2013_DELIM-CUUNMCGDMBUFEAQRVPTN_Rovigo_DELIM-CUUNMCGDMBUFEAQRVPTN_33.1_completegenome                                         1.66%    passed     97.88%
 140  KC407673.1WestNilevirusisolateSad_DELIM-CUUNMCGDMBUFEAQRVPTN_12_completegenome                                                                                                              0.27%    passed     97.40%
 141  MT341472.1WestNilevirusisolatePleven_10m-Bulgaria-2018_completegenome                                                                                                                       2.46%    passed     96.29%
 142  KC496016.1WestNilevirusstrainNoviSad-2010_completegenome                                                                                                                                    0.27%    passed     96.50%
 143  KT359349.1WestNilevirusstrain2014_DELIM-CUUNMCGDMBUFEAQRVPTN_hun_completegenome                                                                                                             0.83%    passed     94.95%
 144  KP780840.1WestNilevirusisolateTammy_completegenome                                                                                                                                          0.86%    passed     78.41%
 145  EF429199.1WestNilevirusSA381_DELIM-CUUNMCGDMBUFEAQRVPTN_00_completegenome                                                                                                                   0.12%    passed     92.77%
 146  KT207791.1WestNilevirusisolate792_DELIM-CUUNMCGDMBUFEAQRVPTN_14_completegenome                                                                                                              0.69%    passed     91.04%
 147  MH939154.1WestNilevirusstrainDD84c_completegenome                                                                                                                                           0.74%    passed     93.86%
 148  MH939153.1WestNilevirusstrainDD58c_completegenome                                                                                                                                           1.00%    passed     89.64%
 149  MN619802.1WestNilevirusisolateVolgograd723_DELIM-CUUNMCGDMBUFEAQRVPTN_18_completegenome                                                                                                     0.14%    passed     92.54%
 150  MN619803.1WestNilevirusisolateVolgograd829_DELIM-CUUNMCGDMBUFEAQRVPTN_18_completegenome                                                                                                     0.08%    passed     91.07%
 151  MN619801.1WestNilevirusisolateVolgograd696_DELIM-CUUNMCGDMBUFEAQRVPTN_18_completegenome                                                                                                     0.11%    passed     89.39%
 152  HM147823.1WestNilevirusfromMadagascar_completegenome                                                                                                                                        0.07%    passed     61.36%
 153  HM147822.1WestNilevirusfromSouthAfrica_completegenome                                                                                                                                       0.07%    passed     69.26%
 154  FJ159129.1WestNilevirusisolate101_5-06-Uu_completegenome                                                                                                                                    1.80%    failed      0.27%
 155  FJ159130.1WestNilevirusisolate5_50-05-Uu_completegenome                                                                                                                                     1.80%    failed      0.49%
 156  FJ159131.1WestNilevirusisolate8_1-05-Uu_completegenome                                                                                                                                      1.80%    failed      0.21%
****  TOTAL                                                                                                                                                                                       1.18%  3 sequences failed composition chi2 test (p-value<5%; df=3)
Checking for duplicate sequences: done in 0.00510211 secs using 96.55% CPU

Create initial parsimony tree by phylogenetic likelihood library (PLL)... 0.094 seconds

NOTE: 21 MB RAM (0 GB) is required!
Estimate model parameters (epsilon = 0.500)
1. Initial log-likelihood: -99063.241
2. Current log-likelihood: -92584.265
3. Current log-likelihood: -92562.577
Optimal log-likelihood: -92562.573
Rate parameters:  A-C: 1.47976  A-G: 4.75492  A-T: 1.32664  C-G: 0.75725  C-T: 11.29983  G-T: 1.00000
Base frequencies:  A: 0.273  C: 0.226  G: 0.284  T: 0.217
Parameters optimization took 3 rounds (3.251 sec)
Wrote distance file to... 
Computing ML distances based on estimated model parameters...
Calculating distance matrix: done in 0.2234 secs using 99.99% CPU
Computing ML distances took 0.227797 sec (of wall-clock time) 0.227774 sec (of CPU time)
Setting up auxiliary I and S matrices: done in 0.000561029 secs using 99.1% CPU
Constructing RapidNJ tree: done in 0.00184111 secs using 99.07% CPU
Computing RapidNJ tree took 0.002447 sec (of wall-clock time) 0.002426 sec (of CPU time)
Log-likelihood of RapidNJ tree: -93136.199
--------------------------------------------------------------------
|             INITIALIZING CANDIDATE TREE SET                      |
--------------------------------------------------------------------

Do NNI search on 2 best initial trees
Optimizing NNI: done in 0.926598 secs using 99.11% CPU
Estimate model parameters (epsilon = 0.500)
BETTER TREE FOUND at iteration 1: -92550.247
Optimizing NNI: done in 1.35378 secs using 99.39% CPU
Estimate model parameters (epsilon = 0.500)
BETTER TREE FOUND at iteration 2: -92546.199
Finish initializing candidate tree set (4)
Current best tree score: -92546.199 / CPU time: 2.931
Number of iterations: 2
TREE SEARCH COMPLETED AFTER 2 ITERATIONS / Time: 0h:0m:6s

--------------------------------------------------------------------
|                    FINALIZING TREE SEARCH                        |
--------------------------------------------------------------------
Performs final model parameters optimization
Estimate model parameters (epsilon = 0.050)
1. Initial log-likelihood: -92546.199
Optimal log-likelihood: -92546.198
Rate parameters:  A-C: 1.47533  A-G: 4.75437  A-T: 1.32769  C-G: 0.75485  C-T: 11.30442  G-T: 1.00000
Base frequencies:  A: 0.273  C: 0.226  G: 0.284  T: 0.217
Parameters optimization took 1 rounds (0.296 sec)
BEST SCORE FOUND : -92546.198
Total tree length: 1.470

Total number of iterations: 2
CPU time used for tree search: 2.912 sec (0h:0m:2s)
Wall-clock time used for tree search: 2.932 sec (0h:0m:2s)
Total CPU time used: 7.261 sec (0h:0m:7s)
Total wall-clock time used: 7.290 sec (0h:0m:7s)

Analysis results written to: 
  IQ-TREE report:                results/all_alignment-delim.fasta.iqtree
  Maximum-likelihood tree:       results/all_alignment-delim.fasta.treefile
  Likelihood distances:          results/all_alignment-delim.fasta.mldist
  Screen log file:               results/all_alignment-delim.fasta.log

ALISIM COMMAND
--------------
--alisim simulated_MSA -t results/all_alignment-delim.fasta.treefile -m "GTR{1.47533,4.75437,1.32769,0.754848,11.3044}+F{0.273248,0.225536,0.284178,0.217038}" --length 11029

Date and Time: Tue Aug 30 18:44:54 2022
